Daily update at Fri Feb  7 06:25:44 UTC 2025
Daily update at Fri Feb  7 06:36:12 UTC 2025
Daily update at Sat Feb  8 06:32:37 UTC 2025
Daily update at Sun Feb  9 06:32:57 UTC 2025
Daily update at Mon Feb 10 06:35:59 UTC 2025
Daily update at Tue Feb 11 06:34:52 UTC 2025
Daily update at Wed Feb 12 06:34:58 UTC 2025
Daily update at Thu Feb 13 06:34:54 UTC 2025
Daily update at Fri Feb 14 06:34:42 UTC 2025
Daily update at Sat Feb 15 06:34:20 UTC 2025
Daily update at Sun Feb 16 06:32:57 UTC 2025
Daily update at Mon Feb 17 06:36:30 UTC 2025
Daily update at Tue Feb 18 06:35:20 UTC 2025
Daily update at Wed Feb 19 06:35:44 UTC 2025
Daily update at Thu Feb 20 06:35:24 UTC 2025
Daily update at Fri Feb 21 06:35:17 UTC 2025
Daily update at Sat Feb 22 06:35:34 UTC 2025
Daily update at Sun Feb 23 06:33:25 UTC 2025
Daily update at Mon Feb 24 06:37:26 UTC 2025
Daily update at Tue Feb 25 06:36:12 UTC 2025
Daily update at Wed Feb 26 06:36:18 UTC 2025
Daily update at Thu Feb 27 06:36:23 UTC 2025
